<?xml version="1.0" encoding="UTF-8"?>
<!-- Generated by org.testng.reporters.JUnitReportReporter -->
<testsuite hostname="EC2AMAZ-ALHT5UN" failures="0" tests="1" name="com.qa.Calculator.SimpleTests" time="0.057" errors="0" timestamp="25 Feb 2020 08:45:37 GMT" skipped="0">
  <testcase classname="com.qa.Calculator.SimpleTests" name="testAddMethod" time="0.057"/>
</testsuite> <!-- com.qa.Calculator.SimpleTests -->
